Determining if the pthread_create exist failed with the following output:
Change Dir: /home/khalil/Bureau/udacity RSE nano/build/CMakeFiles/CMakeTmp

Run Build Command:"/usr/bin/make" "cmTC_68cfd/fast"
/usr/bin/make -f CMakeFiles/cmTC_68cfd.dir/build.make CMakeFiles/cmTC_68cfd.dir/build
make[1] : on entre dans le répertoire « /home/khalil/Bureau/udacity RSE nano/build/CMakeFiles/CMakeTmp »
Building C object CMakeFiles/cmTC_68cfd.dir/CheckSymbolExists.c.o
/usr/bin/cc    -o CMakeFiles/cmTC_68cfd.dir/CheckSymbolExists.c.o   -c "/home/khalil/Bureau/udacity RSE nano/build/CMakeFiles/CMakeTmp/CheckSymbolExists.c"
Linking C executable cmTC_68cfd
/usr/bin/cmake -E cmake_link_script CMakeFiles/cmTC_68cfd.dir/link.txt --verbose=1
/usr/bin/cc      -rdynamic CMakeFiles/cmTC_68cfd.dir/CheckSymbolExists.c.o  -o cmTC_68cfd 
CMakeFiles/cmTC_68cfd.dir/CheckSymbolExists.c.o : Dans la fonction « main » :
CheckSymbolExists.c:(.text+0x1b) : référence indéfinie vers « pthread_create »
collect2: error: ld returned 1 exit status
CMakeFiles/cmTC_68cfd.dir/build.make:97: recipe for target 'cmTC_68cfd' failed
make[1]: *** [cmTC_68cfd] Error 1
make[1] : on quitte le répertoire « /home/khalil/Bureau/udacity RSE nano/build/CMakeFiles/CMakeTmp »
Makefile:126: recipe for target 'cmTC_68cfd/fast' failed
make: *** [cmTC_68cfd/fast] Error 2

File /home/khalil/Bureau/udacity RSE nano/build/CMakeFiles/CMakeTmp/CheckSymbolExists.c:
/* */
#include <pthread.h>

int main(int argc, char** argv)
{
  (void)argv;
#ifndef pthread_create
  return ((int*)(&pthread_create))[argc];
#else
  (void)argc;
  return 0;
#endif
}

Determining if the function pthread_create exists in the pthreads failed with the following output:
Change Dir: /home/khalil/Bureau/udacity RSE nano/build/CMakeFiles/CMakeTmp

Run Build Command:"/usr/bin/make" "cmTC_a43b4/fast"
/usr/bin/make -f CMakeFiles/cmTC_a43b4.dir/build.make CMakeFiles/cmTC_a43b4.dir/build
make[1] : on entre dans le répertoire « /home/khalil/Bureau/udacity RSE nano/build/CMakeFiles/CMakeTmp »
Building C object CMakeFiles/cmTC_a43b4.dir/CheckFunctionExists.c.o
/usr/bin/cc   -DCHECK_FUNCTION_EXISTS=pthread_create   -o CMakeFiles/cmTC_a43b4.dir/CheckFunctionExists.c.o   -c /usr/share/cmake-3.10/Modules/CheckFunctionExists.c
Linking C executable cmTC_a43b4
/usr/bin/cmake -E cmake_link_script CMakeFiles/cmTC_a43b4.dir/link.txt --verbose=1
/usr/bin/cc  -DCHECK_FUNCTION_EXISTS=pthread_create    -rdynamic CMakeFiles/cmTC_a43b4.dir/CheckFunctionExists.c.o  -o cmTC_a43b4 -lpthreads 
/usr/bin/ld : ne peut trouver -lpthreads
collect2: error: ld returned 1 exit status
CMakeFiles/cmTC_a43b4.dir/build.make:97: recipe for target 'cmTC_a43b4' failed
make[1]: *** [cmTC_a43b4] Error 1
make[1] : on quitte le répertoire « /home/khalil/Bureau/udacity RSE nano/build/CMakeFiles/CMakeTmp »
Makefile:126: recipe for target 'cmTC_a43b4/fast' failed
make: *** [cmTC_a43b4/fast] Error 2


